spawn screen /dev/ttyUSB0 115200
[!p[?3;4l[4l>[?1049h[22;0;0t[4l[?1h=[0m(B[1;32r[H[2J[31B[7mCannot open line '/dev/ttyUSB0' for R/W: Device or resource busy[27m  [65C[1K[H[31B[7mSorry, could not find a PTY or TTY.[27m  [36C[1K[H[?1l>[32;1H
[?1049l[23;0;0t[screen is terminating]
spawn screen /dev/ttyUSB0 115200

[!p[?3;4l[4l>[?1049h[22;0;0t[4l[?1h=[0m(B[1;32r[H[2J[H[2J
# wget http://10.65.196.56:8000/MC_3072_KC_1024_NC_3072/gemm_blis_2x2 -O MC_3072
_KC_1024_NC_3072_gemm_blis_2x2
Connecting to 10.65.196.56:8000 (10.65.196.56:8000)
saving to 'MC_3072_KC_1024_NC_3072_gemm_blis_2x2'
'MC_3072_KC_1024_NC_3072_gemm_blis_2x2' saved
# chmod +x MC_3072_KC_1024_NC_3072_gemm_blis_2x2
# ./MC_3072_KC_1024_NC_3072_gemm_blis_2x2 64 64 64
inited
obj_created
gemm end
N,64,cycles,5215189,instret,1808850
done
wget http://10.65.196.56:8000/MC_3072_KC_512_NC_3072/gemm_blis_2x4 -O MC_3072_KC_512_NC_3072_gemm_blis_2x4
# wget http://10.65.196.56:8000/MC_3072_KC_512_NC_3072/gemm_blis_2x4 -O MC_3072_
KC_512_NC_3072_gemm_blis_2x4
Connecting to 10.65.196.56:8000 (10.65.196.56:8000)
saving to 'MC_3072_KC_512_NC_3072_gemm_blis_2x4'
'MC_3072_KC_512_NC_3072_gemm_blis_2x4' saved
# chmod +x MC_3072_KC_512_NC_3072_gemm_blis_2x4
# ./MC_3072_KC_512_NC_3072_gemm_blis_2x4 64 64 64
inited
obj_created
gemm end
N,64,cycles,4300551,instret,1324791
done
wget http://10.65.196.56:8000/MC_3072_KC_512_NC_3072/gemm_blis_2x6 -O MC_3072_KC_512_NC_3072_gemm_blis_2x6
# wget http://10.65.196.56:8000/MC_3072_KC_512_NC_3072/gemm_blis_2x6 -O MC_3072_
KC_512_NC_3072_gemm_blis_2x6
Connecting to 10.65.196.56:8000 (10.65.196.56:8000)
saving to 'MC_3072_KC_512_NC_3072_gemm_blis_2x6'
'MC_3072_KC_512_NC_3072_gemm_blis_2x6' saved
# chmod +x MC_3072_KC_512_NC_3072_gemm_blis_2x6
# ./MC_3072_KC_512_NC_3072_gemm_blis_2x6 64 64 64
inited
obj_created
gemm end
N,64,cycles,4214686,instret,1251514
done
wget http://10.65.196.56:8000/MC_3072_KC_256_NC_3072/gemm_blis_2x8 -O MC_3072_KC_256_NC_3072_gemm_blis_2x8
# wget http://10.65.196.56:8000/MC_3072_KC_256_NC_3072/gemm_blis_2x8 -O MC_3072_
KC_256_NC_3072_gemm_blis_2x8
Connecting to 10.65.196.56:8000 (10.65.196.56:8000)
saving to 'MC_3072_KC_256_NC_3072_gemm_blis_2x8'
'MC_3072_KC_256_NC_3072_gemm_blis_2x8' saved
# chmod +x MC_3072_KC_256_NC_3072_gemm_blis_2x8
# ./MC_3072_KC_256_NC_3072_gemm_blis_2x8 64 64 64
inited
obj_created
gemm end
N,64,cycles,3960869,instret,1118064
done
wget http://10.65.196.56:8000/MC_3072_KC_256_NC_3072/gemm_blis_2x12 -O MC_3072_KC_256_NC_3072_gemm_blis_2x12
# wget http://10.65.196.56:8000/MC_3072_KC_256_NC_3072/gemm_blis_2x12 -O MC_3072
_KC_256_NC_3072_gemm_blis_2x12
Connecting to 10.65.196.56:8000 (10.65.196.56:8000)
saving to 'MC_3072_KC_256_NC_3072_gemm_blis_2x12'
'MC_3072_KC_256_NC_3072_gemm_blis_2x12' saved
# chmod +x MC_3072_KC_256_NC_3072_gemm_blis_2x12
# ./MC_3072_KC_256_NC_3072_gemm_blis_2x12 64 64 64
inited
obj_created
gemm end
N,64,cycles,5113782,instret,1396651
done
double free or corruption (out)
Aborted
wget http://10.65.196.56:8000/MC_3072_KC_16_NC_3072/gemm_blis_2x16 -O MC_3072_KC_16_NC_3072_gemm_blis_2x16
# wget http://10.65.196.56:8000/MC_3072_KC_16_NC_3072/gemm_blis_2x16 -O MC_3072_
KC_16_NC_3072_gemm_blis_2x16
Connecting to 10.65.196.56:8000 (10.65.196.56:8000)
saving to 'MC_3072_KC_16_NC_3072_gemm_blis_2x16'
'MC_3072_KC_16_NC_3072_gemm_blis_2x16' saved
# chmod +x MC_3072_KC_16_NC_3072_gemm_blis_2x16
# ./MC_3072_KC_16_NC_3072_gemm_blis_2x16 64 64 64
inited
obj_created
gemm end
N,64,cycles,4087535,instret,1153451
done
wget http://10.65.196.56:8000/MC_3072_KC_640_NC_3072/gemm_blis_4x2 -O MC_3072_KC_640_NC_3072_gemm_blis_4x2
# wget http://10.65.196.56:8000/MC_3072_KC_640_NC_3072/gemm_blis_4x2 -O MC_3072_
KC_640_NC_3072_gemm_blis_4x2
Connecting to 10.65.196.56:8000 (10.65.196.56:8000)
saving to 'MC_3072_KC_640_NC_3072_gemm_blis_4x2'
'MC_3072_KC_640_NC_3072_gemm_blis_4x2' saved
# chmod +x MC_3072_KC_640_NC_3072_gemm_blis_4x2
# ./MC_3072_KC_640_NC_3072_gemm_blis_4x2 64 64 64
inited
obj_created
gemm end
N,64,cycles,4689369,instret,1404868
done
wget http://10.65.196.56:8000/MC_3072_KC_512_NC_3072/gemm_blis# wget http://10.65.196.56:8000/MC_3072_KC_512_NC_3072/gemm_blis_4x4 -O MC_3072_
KC_512_NC_3072_gemm_blis_4x4
Connecting to 10.65.196.56:8000 (10.65.196.56:8000)
saving to 'MC_3072_KC_512_NC_3072_gemm_blis_4x4'
'MC_3072_KC_512_NC_3072_gemm_blis_4x4' saved
# chmod +x MC_3072_KC_512_NC_3072_gemm_blis_4x4
# ./MC_3072_KC_512_NC_3072_gemm_blis_4x4 64 64 64
inited
obj_created
gemm end
N,64,cycles,3957147,instret,1079039
done
wget http://10.65.196.56:8000/MC_3072_KC_384_NC_3072/gemm_blis_4x6 -O MC_3072_KC_384_NC_3072_gemm_blis_4x6
# wget http://10.65.196.56:8000/MC_3072_KC_384_NC_3072/gemm_blis_4x6 -O MC_3072_
KC_384_NC_3072_gemm_blis_4x6
Connecting to 10.65.196.56:8000 (10.65.196.56:8000)
saving to 'MC_3072_KC_384_NC_3072_gemm_blis_4x6'
'MC_3072_KC_384_NC_3072_gemm_blis_4x6' saved
# chmod +x MC_3072_KC_384_NC_3072_gemm_blis_4x6
# ./MC_3072_KC_384_NC_3072_gemm_blis_4x6 64 64 64
inited
obj_created
gemm end
N,64,cycles,3892683,instret,1048006
done
wget http://10.65.196.56:8000/MC_3072_KC_256_NC_3072/gemm_blis_4x8 -O MC_3072_KC_256_NC_3072_gemm_blis_4x8
# wget http://10.65.196.56:8000/MC_3072_KC_256_NC_3072/gemm_blis_4x8 -O MC_3072_
KC_256_NC_3072_gemm_blis_4x8
Connecting to 10.65.196.56:8000 (10.65.196.56:8000)
saving to 'MC_3072_KC_256_NC_3072_gemm_blis_4x8'
'MC_3072_KC_256_NC_3072_gemm_blis_4x8' saved
# chmod +x MC_3072_KC_256_NC_3072_gemm_blis_4x8
# ./MC_3072_KC_256_NC_3072_gemm_blis_4x8 64 64 64
inited
obj_created
gemm end
N,64,cycles,3732038,instret,958383
done
wget http://10.65.196.56:8000/MC_3072_KC_256_NC_3072/gemm_blis_4x12 -O MC_3072_KC_256_NC_3072_gemm_blis_4x12
# wget http://10.65.196.56:8000/MC_3072_KC_256_NC_3072/gemm_blis_4x12 -O MC_3072
_KC_256_NC_3072_gemm_blis_4x12
Connecting to 10.65.196.56:8000 (10.65.196.56:8000)
saving to 'MC_3072_KC_256_NC_3072_gemm_blis_4x12'
'MC_3072_KC_256_NC_3072_gemm_blis_4x12' saved
# chmod +x MC_3072_KC_256_NC_3072_gemm_blis_4x12
# ./MC_3072_KC_256_NC_3072_gemm_blis_4x12 64 64 64
inited
obj_created
gemm end
N,64,cycles,3746257,instret,1005536
done
double free or corruption (out)
Aborted
# wget http://10.65.196.56:8000/MC_3072_KC_128_NC_3072/gemm_blis_4x16 -O MC_3072
_KC_128_NC_3072_gemm_blis_4x16
Connecting to 10.65.196.56:8000 (10.65.196.56:8000)
saving to 'MC_3072_KC_128_NC_3072_gemm_blis_4x16'
'MC_3072_KC_128_NC_3072_gemm_blis_4x16' saved
# chmod +x MC_3072_KC_128_NC_3072_gemm_blis_4x16
# ./MC_3072_KC_128_NC_3072_gemm_blis_4x16 64 64 64
inited
obj_created
gemm end
N,64,cycles,3390693,instret,892626
done
# wget http://10.65.196.56:8000/MC_3072_KC_512_NC_3072/gemm_blis_6x2 -O MC_3072_
KC_512_NC_3072_gemm_blis_6x2
Connecting to 10.65.196.56:8000 (10.65.196.56:8000)
saving to 'MC_3072_KC_512_NC_3072_gemm_blis_6x2'
'MC_3072_KC_512_NC_3072_gemm_blis_6x2' saved
# chmod +x MC_3072_KC_512_NC_3072_gemm_blis_6x2
# ./MC_3072_KC_512_NC_3072_gemm_blis_6x2 64 64 64
inited
obj_created
[ 8915.442555] MC_3072_KC_512_[412]: unhandled signal 11 code 0x1 at 0x0000000000000141 in MC_3072_KC_512_NC_3072_gemm_blis_6x2[10000+fa000]
[ 8915.442555] MC_3072_KC_512_[412]: unhandled signal 11 code 0x1 at 0x0000000000000141 in MC_3072_KC_512_NC_3072_gemm_blis_6x2[10000+fa000]
[ 8915.465641] CPU: 0 PID: 412 Comm: MC_3072_KC_512_ Not tainted 5.10.7 #7
[ 8915.465641] CPU: 0 PID: 412 Comm: MC_3072_KC_512_ Not tainted 5.10.7 #7
[ 8915.479365] epc: 000000000001c5e2 ra : 000000000001c5c4 sp : 0000003fffd55130
[ 8915.479365] epc: 000000000001c5e2 ra : 000000000001c5c4 sp : 0000003fffd55130
[ 8915.493822]  gp : 00000000001132b8 tp : 0000000000119760 t0 : 0000000000000002
[ 8915.493822]  gp : 00000000001132b8 tp : 0000000000119760 t0 : 0000000000000002
[ 8915.509046]  t1 : 0000000000132610 t2 : 0000000000000000 s0 : 0000003fcd563800
[ 8915.509046]  t1 : 0000000000132610 t2 : 0000000000000000 s0 : 0000003fcd563800
[ 8915.523815]  s1 : 0000003fcc937000 a0 : 0000000000000002 a1 : 0000003fffd55138
[ 8915.523815]  s1 : 0000003fcc937000 a0 : 0000000000000002 a1 : 0000003fffd55138
[ 8915.539121]  a2 : 0000000000132810 a3 : 0000000000132a30 a4 : 0000000000000000
[ 8915.539121]  a2 : 0000000000132810 a3 : 0000000000132a30 a4 : 0000000000000000
[ 8915.553905]  a5 : 0000000000000111 a6 : 0000000000000000 a7 : 0000000000000000
[ 8915.553905]  a5 : 0000000000000111 a6 : 0000000000000000 a7 : 0000000000000000
[ 8915.569192]  s2 : 0000000000000040 s3 : 0000003fffd55138 s4 : 000000000012a820
[ 8915.569192]  s2 : 0000000000000040 s3 : 0000003fffd55138 s4 : 000000000012a820
[ 8915.584391]  s5 : 000000000001c57a s6 : 0000000000132810 s7 : 0000000000000149
[ 8915.584391]  s5 : 000000000001c57a s6 : 0000000000132810 s7 : 0000000000000149
[ 8915.599351]  s8 : 0000003fcc937000 s9 : 0000000000000002 s10: 0000000000000c00
[ 8915.599351]  s8 : 0000003fcc937000 s9 : 0000000000000002 s10: 0000000000000c00
[ 8915.614123]  s11: 000000000000000a t3 : 0000000000132810 t4 : 0000000000000400
[ 8915.614123]  s11: 000000000000000a t3 : 0000000000132810 t4 : 0000000000000400
[ 8915.629382]  t5 : 0000000000000008 t6 : 0000003fcc937000
[ 8915.629382]  t5 : 0000000000000008 t6 : 0000003fcc937000
[ 8915.642414] status: 8000000200006020 badaddr: 0000000000000141 cause: 000000000000000d
[ 8915.642414] status: 8000000200006020 badaddr: 0000000000000141 cause: 000000000000000d
Segmentation fault
# wget http://10.65.196.56:8000/MC_3072_KC_341_NC_3072/gemm_blis_6x4 -O MC_3072_
KC_341_NC_3072_gemm_blis_6x4
Connecting to 10.65.196.56:8000 (10.65.196.56:8000)
saving to 'MC_3072_KC_341_NC_3072_gemm_blis_6x4'
'MC_3072_KC_341_NC_3072_gemm_blis_6x4' saved
# chmod +x MC_3072_KC_341_NC_3072_gemm_blis_6x4
# ./MC_3072_KC_341_NC_3072_gemm_blis_6x4 64 64 64
inited
obj_created
[ 8927.422118] MC_3072_KC_341_[415]: unhandled signal 11 code 0x1 at 0x0000000000000141 in MC_3072_KC_341_NC_3072_gemm_blis_6x4[10000+fa000]
[ 8927.422118] MC_3072_KC_341_[415]: unhandled signal 11 code 0x1 at 0x0000000000000141 in MC_3072_KC_341_NC_3072_gemm_blis_6x4[10000+fa000]
[ 8927.444684] CPU: 0 PID: 415 Comm: MC_3072_KC_341_ Not tainted 5.10.7 #7
[ 8927.444684] CPU: 0 PID: 415 Comm: MC_3072_KC_341_ Not tainted 5.10.7 #7
[ 8927.458849] epc: 000000000001c5e2 ra : 000000000001c5c4 sp : 0000003fffe5f130
[ 8927.458849] epc: 000000000001c5e2 ra : 000000000001c5c4 sp : 0000003fffe5f130
[ 8927.473343]  gp : 00000000001132b8 tp : 0000000000119760 t0 : 0000000000000001
[ 8927.473343]  gp : 00000000001132b8 tp : 0000000000119760 t0 : 0000000000000001
[ 8927.488588]  t1 : 0000000000132600 t2 : 0000000000000000 s0 : 0000003fe3df8800
[ 8927.488588]  t1 : 0000000000132600 t2 : 0000000000000000 s0 : 0000003fe3df8800
[ 8927.503733]  s1 : 0000003fe35d0000 a0 : 0000000000000002 a1 : 0000003fffe5f138
[ 8927.503733]  s1 : 0000003fe35d0000 a0 : 0000000000000002 a1 : 0000003fffe5f138
[ 8927.518711]  a2 : 0000000000132810 a3 : 0000000000132a30 a4 : 0000000000000000
[ 8927.518711]  a2 : 0000000000132810 a3 : 0000000000132a30 a4 : 0000000000000000
[ 8927.533476]  a5 : 0000000000000111 a6 : 0000000000000000 a7 : 0000000000000000
[ 8927.533476]  a5 : 0000000000000111 a6 : 0000000000000000 a7 : 0000000000000000
[ 8927.548760]  s2 : 0000000000000040 s3 : 0000003fffe5f138 s4 : 000000000012a820
[ 8927.548760]  s2 : 0000000000000040 s3 : 0000003fffe5f138 s4 : 000000000012a820
[ 8927.563560]  s5 : 000000000001c57a s6 : 0000000000132810 s7 : 00000000000000a4
[ 8927.563560]  s5 : 000000000001c57a s6 : 0000000000132810 s7 : 00000000000000a4
[ 8927.578832]  s8 : 0000003fe35d0000 s9 : 0000000000000001 s10: 0000000000000c00
[ 8927.578832]  s8 : 0000003fe35d0000 s9 : 0000000000000001 s10: 0000000000000c00
[ 8927.593635]  s11: 000000000000000a t3 : 0000000000132800 t4 : 0000000000000800
[ 8927.593635]  s11: 000000000000000a t3 : 0000000000132800 t4 : 0000000000000800
[ 8927.608885]  t5 : 0000000000000008 t6 : 0000003fe35d0000
[ 8927.608885]  t5 : 0000000000000008 t6 : 0000003fe35d0000
[ 8927.621129] status: 8000000200006020 badaddr: 0000000000000141 cause: 000000000000000d
[ 8927.621129] status: 8000000200006020 badaddr: 0000000000000141 cause: 000000000000000d
Segmentation fault
# wget http://10.65.196.56:8000/MC_3072_KC_341_NC_3072/gemm_blis_6x6 -O MC_3072_
KC_341_NC_3072_gemm_blis_6x6
Connecting to 10.65.196.56:8000 (10.65.196.56:8000)
saving to 'MC_3072_KC_341_NC_3072_gemm_blis_6x6'
'MC_3072_KC_341_NC_3072_gemm_blis_6x6' saved
# chmod +x MC_3072_KC_341_NC_3072_gemm_blis_6x6
# ./MC_3072_KC_341_NC_3072_gemm_blis_6x6 64 64 64
inited
obj_created
[ 8939.411322] MC_3072_KC_341_[419]: unhandled signal 11 code 0x2 at 0x000000000001c6fc in MC_3072_KC_341_NC_3072_gemm_blis_6x6[10000+fa000]
[ 8939.411322] MC_3072_KC_341_[419]: unhandled signal 11 code 0x2 at 0x000000000001c6fc in MC_3072_KC_341_NC_3072_gemm_blis_6x6[10000+fa000]
[ 8939.433931] CPU: 0 PID: 419 Comm: MC_3072_KC_341_ Not tainted 5.10.7 #7
[ 8939.433931] CPU: 0 PID: 419 Comm: MC_3072_KC_341_ Not tainted 5.10.7 #7
[ 8939.448417] epc: 000000000001c6fc ra : 000000000001c610 sp : 0000003fffb0d130
[ 8939.448417] epc: 000000000001c6fc ra : 000000000001c610 sp : 0000003fffb0d130
[ 8939.462607]  gp : 00000000001132b8 tp : 0000000000119760 t0 : 0000000000000001
[ 8939.462607]  gp : 00000000001132b8 tp : 0000000000119760 t0 : 0000000000000001
[ 8939.477813]  t1 : 000000000012ae30 t2 : 0000000000000000 s0 : 0000003fb84b6c00
[ 8939.477813]  t1 : 000000000012ae30 t2 : 0000000000000000 s0 : 0000003fb84b6c00
[ 8939.492604]  s1 : 0000003fb7c8e000 a0 : 0000000000000080 a1 : 1f40000000000000
[ 8939.492604]  s1 : 0000003fb7c8e000 a0 : 0000000000000080 a1 : 1f40000000000000
[ 8939.508248]  a2 : 000000000012b230 a3 : 0000000000000001 a4 : 0000003fb7c8e080
[ 8939.508248]  a2 : 000000000012b230 a3 : 0000000000000001 a4 : 0000003fb7c8e080
[ 8939.522784]  a5 : 1f40003fb84b6c00 a6 : 000000000012aa30 a7 : 000000000012ac30
[ 8939.522784]  a5 : 1f40003fb84b6c00 a6 : 000000000012aa30 a7 : 000000000012ac30
[ 8939.538009]  s2 : 0000000000000040 s3 : 03e8000000000000 s4 : 000000000012a830
[ 8939.538009]  s2 : 0000000000000040 s3 : 03e8000000000000 s4 : 000000000012a830
[ 8939.552788]  s5 : 0000000000000010 s6 : 0000000000132810 s7 : 000000000000006d
[ 8939.552788]  s5 : 0000000000000010 s6 : 0000000000132810 s7 : 000000000000006d
[ 8939.568127]  s8 : 0000003fb7c8e000 s9 : 0000000000000001 s10: 0000000000000c00
[ 8939.568127]  s8 : 0000003fb7c8e000 s9 : 0000000000000001 s10: 0000000000000c00
[ 8939.583723]  s11: 000000000000000a t3 : 000000000012b030 t4 : 0000000000000c00
[ 8939.583723]  s11: 000000000000000a t3 : 000000000012b030 t4 : 0000000000000c00
[ 8939.598313]  t5 : 0000000000000008 t6 : 0000003fb7c8e000
[ 8939.598313]  t5 : 0000000000000008 t6 : 0000003fb7c8e000
[ 8939.610443] status: 8000000200006020 badaddr: 1f40003fb84b6c00 cause: 0000000000000005
[ 8939.610443] status: 8000000200006020 badaddr: 1f40003fb84b6c00 cause: 0000000000000005
Segmentation fault
# wget http://10.65.196.56:8000/MC_3072_KC_256_NC_3072/gemm_blis_6x8 -O MC_3072_
KC_256_NC_3072_gemm_blis_6x8
Connecting to 10.65.196.56:8000 (10.65.196.56:8000)
saving to 'MC_3072_KC_256_NC_3072_gemm_blis_6x8'
'MC_3072_KC_256_NC_3072_gemm_blis_6x8' saved
# chmod +x MC_3072_KC_256_NC_3072_gemm_blis_6x8
# ./MC_3072_KC_256_NC_3072_gemm_blis_6x8 64 64 64
inited
obj_created

libblis: ./frame/base//bli_cntx.h (line 70):
libblis: Requested index is out of bounds.
libblis: Aborting.
Aborted
# wget http://10.65.196.56:8000/MC_3072_KC_170_NC_3072/gemm_blis_6x12 -O MC_3072
_KC_170_NC_3072_gemm_blis_6x12
Connecting to 10.65.196.56:8000 (10.65.196.56:8000)
saving to 'MC_3072_KC_170_NC_3072_gemm_blis_6x12'
'MC_3072_KC_170_NC_3072_gemm_blis_6x12' saved
# chmod +x MC_3072_KC_170_NC_3072_gemm_blis_6x12
# ./MC_3072_KC_170_NC_3072_gemm_blis_6x12 64 64 64
inited
obj_created

libblis: ./frame/base//bli_cntx.h (line 70):
libblis: Requested index is out of bounds.
libblis: Aborting.
Aborted
# wget http://10.65.196.56:8000/MC_3072_KC_170_NC_3072/gemm_blis_6x16 -O MC_3072
_KC_170_NC_3072_gemm_blis_6x16
Connecting to 10.65.196.56:8000 (10.65.196.56:8000)
saving to 'MC_3072_KC_170_NC_3072_gemm_blis_6x16'
'MC_3072_KC_170_NC_3072_gemm_blis_6x16' saved
# chmod +x MC_3072_KC_170_NC_3072_gemm_blis_6x16
# ./MC_3072_KC_170_NC_3072_gemm_blis_6x16 64 64 64
inited
obj_created

libblis: ./frame/base//bli_cntx.h (line 70):
libblis: Requested index is out of bounds.
libblis: Aborting.
Aborted
# wget http://10.65.196.56:8000/MC_3072_KC_384_NC_3072/gemm_blis_8x2 -O MC_3072_
KC_384_NC_3072_gemm_blis_8x2
Connecting to 10.65.196.56:8000 (10.65.196.56:8000)
saving to 'MC_3072_KC_384_NC_3072_gemm_blis_8x2'
'MC_3072_KC_384_NC_3072_gemm_blis_8x2' saved
# chmod +x MC_3072_KC_384_NC_3072_gemm_blis_8x2
# ./MC_3072_KC_384_NC_3072_gemm_blis_8x2 64 64 64
inited
obj_created
gemm end
N,64,cycles,4572510,instret,1244254
done
wget http://10.65.196.56:8000/MC_3072_KC_320_NC_3072/gemm_blis_8x4 -O MC_3072_KC_320_NC_3072_gemm_blis_8x4
# wget http://10.65.196.56:8000/MC_3072_KC_320_NC_3072/gemm_blis_8x4 -O MC_3072_
KC_320_NC_3072_gemm_blis_8x4
Connecting to 10.65.196.56:8000 (10.65.196.56:8000)
saving to 'MC_3072_KC_320_NC_3072_gemm_blis_8x4'
'MC_3072_KC_320_NC_3072_gemm_blis_8x4' saved
# chmod +x MC_3072_KC_320_NC_3072_gemm_blis_8x4
# ./MC_3072_KC_320_NC_3072_gemm_blis_8x4 64 64 64
inited
obj_created
gemm end
N,64,cycles,3836704,instret,983347
done
wget http://10.65.196.56:8000/MC_3072_KC_256_NC_3072/gemm_blis_8x6 -O MC_3072_KC_256_NC_3072_gemm_blis_8x6
# wget http://10.65.196.56:8000/MC_3072_KC_256_NC_3072/gemm_blis_8x6 -O MC_3072_
KC_256_NC_3072_gemm_blis_8x6
Connecting to 10.65.196.56:8000 (10.65.196.56:8000)
saving to 'MC_3072_KC_256_NC_3072_gemm_blis_8x6'
'MC_3072_KC_256_NC_3072_gemm_blis_8x6' saved
# chmod +x MC_3072_KC_256_NC_3072_gemm_blis_8x6
# ./MC_3072_KC_256_NC_3072_gemm_blis_8x6 64 64 64
inited
obj_created
gemm end
N,64,cycles,3675596,instret,957216
done
wget http://10.65.196.56:8000/MC_3072_KC_256_NC_3072/gemm_blis_8x8 -O MC_3072_KC_256_NC_3072_gemm_blis_8x8
# wget http://10.65.196.56:8000/MC_3072_KC_256_NC_3072/gemm_blis_8x8 -O MC_3072_
KC_256_NC_3072_gemm_blis_8x8
Connecting to 10.65.196.56:8000 (10.65.196.56:8000)
saving to 'MC_3072_KC_256_NC_3072_gemm_blis_8x8'
'MC_3072_KC_256_NC_3072_gemm_blis_8x8' saved
# chmod +x MC_3072_KC_256_NC_3072_gemm_blis_8x8
# ./MC_3072_KC_256_NC_3072_gemm_blis_8x8 64 64 64
inited
obj_created
gemm end
N,64,cycles,3437380,instret,867480
done
wget http://10.65.196.56:8000/MC_3072_KC_192_NC_3072/gemm_blis_8x12 -O MC_307# wget http://10.65.196.56:8000/MC_3072_KC_192_NC_3072/gemm_blis_8x12 -O MC_3072
_KC_192_NC_3072_gemm_blis_8x12
Connecting to 10.65.196.56:8000 (10.65.196.56:8000)
saving to 'MC_3072_KC_192_NC_3072_gemm_blis_8x12'
'MC_3072_KC_192_NC_3072_gemm_blis_8x12' saved
# chmod +x MC_3072_KC_192_NC_3072_gemm_blis_8x12
# ./MC_3072_KC_192_NC_3072_gemm_blis_8x12 64 64 64
inited
obj_created
gemm end
N,64,cycles,4507319,instret,1156325
done
double free or corruption (out)
wget http://10.65.196.56:8000/MC_3072_KC_128_NC_3072/gemm_blis_8x16 -O MC_3072_KC_128_NC_3072_gemm_blis_8x16
Aborted
# wget http://10.65.196.56:8000/MC_3072_KC_128_NC_3072/gemm_blis_8x16 -O MC_3072
_KC_128_NC_3072_gemm_blis_8x16
Connecting to 10.65.196.56:8000 (10.65.196.56:8000)
saving to 'MC_3072_KC_128_NC_3072_gemm_blis_8x16'
'MC_3072_KC_128_NC_3072_gemm_blis_8x16' saved
# chmod +x MC_3072_KC_128_NC_3072_gemm_blis_8x16
# ./MC_3072_KC_128_NC_3072_gemm_blis_8x16 64 64 64
inited
obj_created
gemm end
N,64,cycles,3260435,instret,842985
done
wget http://10.65.196.56:8000/MC_3072_KC_256_NC_3072/gemm_bli# wget http://10.65.196.56:8000/MC_3072_KC_256_NC_3072/gemm_blis_12x2 -O MC_3072
_KC_256_NC_3072_gemm_blis_12x2
Connecting to 10.65.196.56:8000 (10.65.196.56:8000)
saving to 'MC_3072_KC_256_NC_3072_gemm_blis_12x2'
'MC_3072_KC_256_NC_3072_gemm_blis_12x2' saved
# chmod +x MC_3072_KC_256_NC_3072_gemm_blis_12x2
# ./MC_3072_KC_256_NC_3072_gemm_blis_12x2 64 64 64
inited
obj_created
[ 9005.010481] MC_3072_KC_256_[449]: unhandled signal 11 code 0x1 at 0x000000000015049c in MC_3072_KC_256_NC_3072_gemm_blis_12x2[10000+fa000]
[ 9005.010481] MC_3072_KC_256_[449]: unhandled signal 11 code 0x1 at 0x000000000015049c in MC_3072_KC_256_NC_3072_gemm_blis_12x2[10000+fa000]
[ 9005.033227] CPU: 0 PID: 449 Comm: MC_3072_KC_256_ Not tainted 5.10.7 #7
[ 9005.033227] CPU: 0 PID: 449 Comm: MC_3072_KC_256_ Not tainted 5.10.7 #7
[ 9005.047734] epc: 000000000001c5e2 ra : 000000000001c5c4 sp : 0000003fffc38130
[ 9005.047734] epc: 000000000001c5e2 ra : 000000000001c5c4 sp : 0000003fffc38130
[ 9005.061945]  gp : 00000000001132b8 tp : 0000000000119760 t0 : 0000000000000002
[ 9005.061945]  gp : 00000000001132b8 tp : 0000000000119760 t0 : 0000000000000002
[ 9005.077128]  t1 : 0000000000132610 t2 : 0000000000000000 s0 : 0000003fd0d94800
[ 9005.077128]  t1 : 0000000000132610 t2 : 0000000000000000 s0 : 0000003fd0d94800
[ 9005.091955]  s1 : 0000003fd0744000 a0 : 0000000000000002 a1 : 0000003fffc38138
[ 9005.091955]  s1 : 0000003fd0744000 a0 : 0000000000000002 a1 : 0000003fffc38138
[ 9005.107261]  a2 : 0000000000132810 a3 : 0000000000132a30 a4 : 000000000001d92c
[ 9005.107261]  a2 : 0000000000132810 a3 : 0000000000132a30 a4 : 000000000001d92c
[ 9005.122014]  a5 : 000000000015046c a6 : 000000000001d92c a7 : 000000000001d92c
[ 9005.122014]  a5 : 000000000015046c a6 : 000000000001d92c a7 : 000000000001d92c
[ 9005.137378]  s2 : 0000000000000040 s3 : 0000003fffc38138 s4 : 000000000012a820
[ 9005.137378]  s2 : 0000000000000040 s3 : 0000003fffc38138 s4 : 000000000012a820
[ 9005.152115]  s5 : 000000000001c57a s6 : 0000000000132810 s7 : 00000000000000b3
[ 9005.152115]  s5 : 000000000001c57a s6 : 0000000000132810 s7 : 00000000000000b3
[ 9005.167379]  s8 : 0000003fd0744000 s9 : 0000000000000002 s10: 0000000000001800
[ 9005.167379]  s8 : 0000003fd0744000 s9 : 0000000000000002 s10: 0000000000001800
[ 9005.182191]  s11: 0000000000000005 t3 : 0000000000132810 t4 : 0000000000000400
[ 9005.182191]  s11: 0000000000000005 t3 : 0000000000132810 t4 : 0000000000000400
[ 9005.197467]  t5 : 0000000000132c10 t6 : 0000000000132e10
[ 9005.197467]  t5 : 0000000000132c10 t6 : 0000000000132e10
[ 9005.209663] status: 8000000200006020 badaddr: 000000000015049c cause: 000000000000000d
[ 9005.209663] status: 8000000200006020 badaddr: 000000000015049c cause: 000000000000000d
Segmentation fault
# wget http://10.65.196.56:8000/MC_3072_KC_256_NC_3072/gemm_blis_12x4 -O MC_3072
_KC_256_NC_3072_gemm_blis_12x4
Connecting to 10.65.196.56:8000 (10.65.196.56:8000)
saving to 'MC_3072_KC_256_NC_3072_gemm_blis_12x4'
'MC_3072_KC_256_NC_3072_gemm_blis_12x4' saved
# chmod +x MC_3072_KC_256_NC_3072_gemm_blis_12x4
# ./MC_3072_KC_256_NC_3072_gemm_blis_12x4 64 64 64
inited
obj_created
[ 9017.972384] MC_3072_KC_256_[452]: unhandled signal 11 code 0x1 at 0x0000000000150624 in MC_3072_KC_256_NC_3072_gemm_blis_12x4[10000+fa000]
[ 9017.972384] MC_3072_KC_256_[452]: unhandled signal 11 code 0x1 at 0x0000000000150624 in MC_3072_KC_256_NC_3072_gemm_blis_12x4[10000+fa000]
[ 9017.995667] CPU: 0 PID: 452 Comm: MC_3072_KC_256_ Not tainted 5.10.7 #7
[ 9017.995667] CPU: 0 PID: 452 Comm: MC_3072_KC_256_ Not tainted 5.10.7 #7
[ 9018.009420] epc: 000000000001c5e2 ra : 000000000001c5c4 sp : 0000003fffbde130
[ 9018.009420] epc: 000000000001c5e2 ra : 000000000001c5c4 sp : 0000003fffbde130
[ 9018.023872]  gp : 00000000001132b8 tp : 0000000000119760 t0 : 0000000000000001
[ 9018.023872]  gp : 00000000001132b8 tp : 0000000000119760 t0 : 0000000000000001
[ 9018.039883]  t1 : 0000000000132600 t2 : 0000000000000000 s0 : 0000003fe492e800
[ 9018.039883]  t1 : 0000000000132600 t2 : 0000000000000000 s0 : 0000003fe492e800
[ 9018.054267]  s1 : 0000003fe42de000 a0 : 0000000000000002 a1 : 0000003fffbde138
[ 9018.054267]  s1 : 0000003fe42de000 a0 : 0000000000000002 a1 : 0000003fffbde138
[ 9018.069240]  a2 : 0000000000132810 a3 : 0000000000132a30 a4 : 000000000001dab4
[ 9018.069240]  a2 : 0000000000132810 a3 : 0000000000132a30 a4 : 000000000001dab4
[ 9018.083932]  a5 : 00000000001505f4 a6 : 000000000001dab4 a7 : 000000000001dab4
[ 9018.083932]  a5 : 00000000001505f4 a6 : 000000000001dab4 a7 : 000000000001dab4
[ 9018.099203]  s2 : 0000000000000040 s3 : 0000003fffbde138 s4 : 000000000012a820
[ 9018.099203]  s2 : 0000000000000040 s3 : 0000003fffbde138 s4 : 000000000012a820
[ 9018.113996]  s5 : 000000000001c57a s6 : 0000000000132810 s7 : 0000000000000059
[ 9018.113996]  s5 : 000000000001c57a s6 : 0000000000132810 s7 : 0000000000000059
[ 9018.129279]  s8 : 0000003fe42de000 s9 : 0000000000000001 s10: 0000000000001800
[ 9018.129279]  s8 : 0000003fe42de000 s9 : 0000000000000001 s10: 0000000000001800
[ 9018.144122]  s11: 0000000000000005 t3 : 0000000000132800 t4 : 0000000000000800
[ 9018.144122]  s11: 0000000000000005 t3 : 0000000000132800 t4 : 0000000000000800
[ 9018.159374]  t5 : 0000000000132c00 t6 : 0000000000132e00
[ 9018.159374]  t5 : 0000000000132c00 t6 : 0000000000132e00
[ 9018.171576] status: 8000000200006020 badaddr: 0000000000150624 cause: 000000000000000d
[ 9018.171576] status: 8000000200006020 badaddr: 0000000000150624 cause: 000000000000000d
Segmentation fault
# wget http://10.65.196.56:8000/MC_3072_KC_213_NC_3072/gemm_blis_12x6 -O MC_3072
_KC_213_NC_3072_gemm_blis_12x6
Connecting to 10.65.196.56:8000 (10.65.196.56:8000)
saving to 'MC_3072_KC_213_NC_3072_gemm_blis_12x6'
'MC_3072_KC_213_NC_3072_gemm_blis_12x6' saved
# chmod +x MC_3072_KC_213_NC_3072_gemm_blis_12x6
# ./MC_3072_KC_213_NC_3072_gemm_blis_12x6 64 64 64
inited
obj_created
[ 9030.964925] MC_3072_KC_213_[455]: unhandled signal 11 code 0x1 at 0x0000000000151a1a in MC_3072_KC_213_NC_3072_gemm_blis_12x6[10000+fb000]
[ 9030.964925] MC_3072_KC_213_[455]: unhandled signal 11 code 0x1 at 0x0000000000151a1a in MC_3072_KC_213_NC_3072_gemm_blis_12x6[10000+fb000]
[ 9030.988280] CPU: 0 PID: 455 Comm: MC_3072_KC_213_ Not tainted 5.10.7 #7
[ 9030.988280] CPU: 0 PID: 455 Comm: MC_3072_KC_213_ Not tainted 5.10.7 #7
[ 9031.002595] epc: 000000000001c5e2 ra : 000000000001c5c4 sp : 0000003fffd1c130
[ 9031.002595] epc: 000000000001c5e2 ra : 000000000001c5c4 sp : 0000003fffd1c130
[ 9031.017645]  gp : 00000000001142b8 tp : 000000000011a760 t0 : 0000000000000001
[ 9031.017645]  gp : 00000000001142b8 tp : 000000000011a760 t0 : 0000000000000001
[ 9031.032077]  t1 : 0000000000133600 t2 : 0000000000000000 s0 : 0000003fe42a0c00
[ 9031.032077]  t1 : 0000000000133600 t2 : 0000000000000000 s0 : 0000003fe42a0c00
[ 9031.047304]  s1 : 0000003fe3d53000 a0 : 0000000000000002 a1 : 0000003fffd1c138
[ 9031.047304]  s1 : 0000003fe3d53000 a0 : 0000000000000002 a1 : 0000003fffd1c138
[ 9031.062063]  a2 : 0000000000133810 a3 : 0000000000133a30 a4 : 000000000001deaa
[ 9031.062063]  a2 : 0000000000133810 a3 : 0000000000133a30 a4 : 000000000001deaa
[ 9031.077390]  a5 : 00000000001519ea a6 : 000000000001deaa a7 : 000000000001deaa
[ 9031.077390]  a5 : 00000000001519ea a6 : 000000000001deaa a7 : 000000000001deaa
[ 9031.092132]  s2 : 0000000000000040 s3 : 0000003fffd1c138 s4 : 000000000012b830
[ 9031.092132]  s2 : 0000000000000040 s3 : 0000003fffd1c138 s4 : 000000000012b830
[ 9031.107468]  s5 : 000000000001c57a s6 : 0000000000133810 s7 : 000000000000003b
[ 9031.107468]  s5 : 000000000001c57a s6 : 0000000000133810 s7 : 000000000000003b
[ 9031.122244]  s8 : 0000003fe3d53000 s9 : 0000000000000001 s10: 0000000000001800
[ 9031.122244]  s8 : 0000003fe3d53000 s9 : 0000000000000001 s10: 0000000000001800
[ 9031.137566]  s11: 0000000000000005 t3 : 0000000000133800 t4 : 0000000000000c00
[ 9031.137566]  s11: 0000000000000005 t3 : 0000000000133800 t4 : 0000000000000c00
[ 9031.152369]  t5 : 0000000000133c00 t6 : 0000000000133e00
[ 9031.152369]  t5 : 0000000000133c00 t6 : 0000000000133e00
[ 9031.164851] status: 8000000200006020 badaddr: 0000000000151a1a cause: 000000000000000d
[ 9031.164851] status: 8000000200006020 badaddr: 0000000000151a1a cause: 000000000000000d
Segmentation fault
# 